<?xml version="1.0" encoding="UTF-8"?>
<testsuite name="dominio.unitaria.CarTest" tests="3" skipped="0" failures="0" errors="0" timestamp="2017-12-26T12:46:15" hostname="FERNEY-ESCOBAR" time="0.0">
  <properties/>
  <testcase name="crearCarroVacioTest" classname="dominio.unitaria.CarTest" time="0.0"/>
  <testcase name="modificarCarroTest" classname="dominio.unitaria.CarTest" time="0.0"/>
  <testcase name="crearCarroTest" classname="dominio.unitaria.CarTest" time="0.0"/>
  <system-out><![CDATA[]]></system-out>
  <system-err><![CDATA[]]></system-err>
</testsuite>
