<?xml version="1.0" encoding="UTF-8"?>
<testsuite name="dominio.integracion.ParkingRegisterServiceTest" tests="10" skipped="0" failures="0" errors="0" timestamp="2018-01-12T18:46:04" hostname="FERNEY-ESCOBAR" time="0.047">
  <properties/>
  <testcase name="contarVehiculosTipoCeroTest" classname="dominio.integracion.ParkingRegisterServiceTest" time="0.0"/>
  <testcase name="obtenerVehiculoParqueadoPlacaNullTest" classname="dominio.integracion.ParkingRegisterServiceTest" time="0.0"/>
  <testcase name="contarVehiculosTipoTest" classname="dominio.integracion.ParkingRegisterServiceTest" time="0.0"/>
  <testcase name="obtenerVehiculosParqueadosTest" classname="dominio.integracion.ParkingRegisterServiceTest" time="0.0"/>
  <testcase name="registrarIngresoTest" classname="dominio.integracion.ParkingRegisterServiceTest" time="0.016"/>
  <testcase name="registraSalidaTest" classname="dominio.integracion.ParkingRegisterServiceTest" time="0.0"/>
  <testcase name="obtenerVehiculoParqueadoPlacaMotoTest" classname="dominio.integracion.ParkingRegisterServiceTest" time="0.0"/>
  <testcase name="obtenerVehiculoParqueadoPlacaTest" classname="dominio.integracion.ParkingRegisterServiceTest" time="0.0"/>
  <testcase name="registrarIngresoErrorTest" classname="dominio.integracion.ParkingRegisterServiceTest" time="0.016"/>
  <testcase name="registrarIngresoMotoTest" classname="dominio.integracion.ParkingRegisterServiceTest" time="0.0"/>
  <system-out><![CDATA[]]></system-out>
  <system-err><![CDATA[]]></system-err>
</testsuite>
