<?xml version="1.0" encoding="UTF-8"?>
<testsuite name="dominio.integracion.VigilantTest" tests="13" skipped="0" failures="0" errors="0" timestamp="2017-12-26T20:10:37" hostname="FERNEY-ESCOBAR" time="0.054">
  <properties/>
  <testcase name="registrarSalidaCarroDiasTest" classname="dominio.integracion.VigilantTest" time="0.035"/>
  <testcase name="registrarSalidaMotoTest" classname="dominio.integracion.VigilantTest" time="0.002"/>
  <testcase name="registrarIngresoPlacaATest" classname="dominio.integracion.VigilantTest" time="0.001"/>
  <testcase name="registrarSalidaMotoDiasTest" classname="dominio.integracion.VigilantTest" time="0.002"/>
  <testcase name="registrarSalidaMotoCilindrajeTest" classname="dominio.integracion.VigilantTest" time="0.002"/>
  <testcase name="registrarSalidaCarroMinutosTest" classname="dominio.integracion.VigilantTest" time="0.002"/>
  <testcase name="registrarIngresoVehiculoErrorTest" classname="dominio.integracion.VigilantTest" time="0.001"/>
  <testcase name="registrarSalidaCarroDiaTest" classname="dominio.integracion.VigilantTest" time="0.001"/>
  <testcase name="registrarIngresoMotosSimultaneasTest" classname="dominio.integracion.VigilantTest" time="0.001"/>
  <testcase name="registrarSalidaCarroNoParqueadoTest" classname="dominio.integracion.VigilantTest" time="0.001"/>
  <testcase name="registrarIngresoVehiculoParqueadoTest" classname="dominio.integracion.VigilantTest" time="0.0"/>
  <testcase name="registrarSalidaCarroTest" classname="dominio.integracion.VigilantTest" time="0.002"/>
  <testcase name="registrarIngresoCarrosSimultaneasTest" classname="dominio.integracion.VigilantTest" time="0.002"/>
  <system-out><![CDATA[Varlo cobrar: 4000.0, horas en parqueadero:8
horas cobrar:8, dias cobrar:0
Varlo cobrar: 5500.0, horas en parqueadero:27
horas cobrar:3, dias cobrar:1
Varlo cobrar: 7500.0, horas en parqueadero:27
horas cobrar:3, dias cobrar:1
]]></system-out>
  <system-err><![CDATA[]]></system-err>
</testsuite>
