<?xml version="1.0" encoding="UTF-8"?>
<testsuite name="dominio.unitaria.MotorcycleTest" tests="4" skipped="0" failures="0" errors="0" timestamp="2017-12-21T19:33:39" hostname="FERNEY-ESCOBAR" time="0.004">
  <properties/>
  <testcase name="crearMotoTest" classname="dominio.unitaria.MotorcycleTest" time="0.001"/>
  <testcase name="crearMotoTestPlaca" classname="dominio.unitaria.MotorcycleTest" time="0.0"/>
  <testcase name="crearMotoTestVacio" classname="dominio.unitaria.MotorcycleTest" time="0.001"/>
  <testcase name="modificarMotoTest" classname="dominio.unitaria.MotorcycleTest" time="0.001"/>
  <system-out><![CDATA[]]></system-out>
  <system-err><![CDATA[]]></system-err>
</testsuite>
