<?xml version="1.0" encoding="UTF-8"?>
<testsuite name="dominio.integracion.ParkingRegisterServiceTest" tests="9" skipped="0" failures="0" errors="0" timestamp="2017-12-21T19:33:38" hostname="FERNEY-ESCOBAR" time="1.092">
  <properties/>
  <testcase name="contarVehiculosTipoCeroTest" classname="dominio.integracion.ParkingRegisterServiceTest" time="1.068"/>
  <testcase name="obtenerVehiculoParqueadoPlacaNullTest" classname="dominio.integracion.ParkingRegisterServiceTest" time="0.001"/>
  <testcase name="contarVehiculosTipoTest" classname="dominio.integracion.ParkingRegisterServiceTest" time="0.001"/>
  <testcase name="obtenerVehiculosParqueadosTest" classname="dominio.integracion.ParkingRegisterServiceTest" time="0.004"/>
  <testcase name="registrarIngresoTest" classname="dominio.integracion.ParkingRegisterServiceTest" time="0.002"/>
  <testcase name="registraSalidaTest" classname="dominio.integracion.ParkingRegisterServiceTest" time="0.001"/>
  <testcase name="obtenerVehiculoParqueadoPlacaMotoTest" classname="dominio.integracion.ParkingRegisterServiceTest" time="0.003"/>
  <testcase name="obtenerVehiculoParqueadoPlacaTest" classname="dominio.integracion.ParkingRegisterServiceTest" time="0.002"/>
  <testcase name="registrarIngresoErrorTest" classname="dominio.integracion.ParkingRegisterServiceTest" time="0.005"/>
  <system-out><![CDATA[]]></system-out>
  <system-err><![CDATA[]]></system-err>
</testsuite>
