<?xml version="1.0" encoding="UTF-8"?>
<testsuite name="dominio.unitaria.MotorcycleTest" tests="5" skipped="0" failures="0" errors="0" timestamp="2018-01-12T18:46:08" hostname="FERNEY-ESCOBAR" time="0.0">
  <properties/>
  <testcase name="getParkingCostTest" classname="dominio.unitaria.MotorcycleTest" time="0.0"/>
  <testcase name="crearMotoTest" classname="dominio.unitaria.MotorcycleTest" time="0.0"/>
  <testcase name="crearMotoTestPlaca" classname="dominio.unitaria.MotorcycleTest" time="0.0"/>
  <testcase name="crearMotoTestVacio" classname="dominio.unitaria.MotorcycleTest" time="0.0"/>
  <testcase name="modificarMotoTest" classname="dominio.unitaria.MotorcycleTest" time="0.0"/>
  <system-out><![CDATA[]]></system-out>
  <system-err><![CDATA[]]></system-err>
</testsuite>
