<?xml version="1.0" encoding="UTF-8"?>
<testsuite name="dominio.unitaria.ParkingRegisterTest" tests="6" skipped="0" failures="0" errors="0" timestamp="2017-12-27T16:55:04" hostname="FERNEY-ESCOBAR" time="0.024">
  <properties/>
  <testcase name="modificarRegistroParqueadero" classname="dominio.unitaria.ParkingRegisterTest" time="0.009"/>
  <testcase name="crearRegistroParqueaderoCosto" classname="dominio.unitaria.ParkingRegisterTest" time="0.002"/>
  <testcase name="crearRegistroParqueadero" classname="dominio.unitaria.ParkingRegisterTest" time="0.002"/>
  <testcase name="crearRegistroParqueaderoRegistroVehiculoId" classname="dominio.unitaria.ParkingRegisterTest" time="0.001"/>
  <testcase name="crearRegistroParqueaderoTipoVehiculo" classname="dominio.unitaria.ParkingRegisterTest" time="0.007"/>
  <testcase name="crearRegistroParqueaderoRegistroIdCosto" classname="dominio.unitaria.ParkingRegisterTest" time="0.001"/>
  <system-out><![CDATA[]]></system-out>
  <system-err><![CDATA[]]></system-err>
</testsuite>
