<?xml version="1.0" encoding="UTF-8"?>
<testsuite name="dominio.integracion.ParkingRateTest" tests="2" skipped="0" failures="0" errors="0" timestamp="2018-01-12T18:46:04" hostname="FERNEY-ESCOBAR" time="0.0">
  <properties/>
  <testcase name="oobtenerTarifaHoraTest" classname="dominio.integracion.ParkingRateTest" time="0.0"/>
  <testcase name="oobtenerTarifaDiaTest" classname="dominio.integracion.ParkingRateTest" time="0.0"/>
  <system-out><![CDATA[]]></system-out>
  <system-err><![CDATA[]]></system-err>
</testsuite>
